<?xml version="1.0" encoding="UTF-8"?>
<testsuite xmlns:xsi="http://www.w3.org/2001/XMLSchema-instance" xsi:noNamespaceSchemaLocation="https://maven.apache.org/surefire/maven-surefire-plugin/xsd/surefire-test-report-3.0.xsd" version="3.0" name="myntra10.HelloAppEngineTest" time="0.619" tests="2" errors="0" skipped="0" failures="0">
  <properties>
    <property name="java.specification.version" value="21"/>
    <property name="sun.cpu.isalist" value="amd64"/>
    <property name="sun.jnu.encoding" value="Cp1252"/>
    <property name="java.class.path" value="C:\Users\sivay\OneDrive\Desktop\developer\myntra\shoe\shoe\target\test-classes;C:\Users\sivay\OneDrive\Desktop\developer\myntra\shoe\shoe\target\shoe-v1\WEB-INF\classes;C:\Users\sivay\.m2\repository\com\google\appengine\appengine-api-1.0-sdk\1.9.63\appengine-api-1.0-sdk-1.9.63.jar;C:\Users\sivay\.m2\repository\javax\servlet\javax.servlet-api\3.1.0\javax.servlet-api-3.1.0.jar;C:\Users\sivay\.m2\repository\com\google\appengine\appengine-testing\1.9.63\appengine-testing-1.9.63.jar;C:\Users\sivay\.m2\repository\com\google\appengine\appengine-api-stubs\1.9.63\appengine-api-stubs-1.9.63.jar;C:\Users\sivay\.m2\repository\com\google\appengine\appengine-tools-sdk\1.9.63\appengine-tools-sdk-1.9.63.jar;C:\Users\sivay\.m2\repository\com\google\truth\truth\0.40\truth-0.40.jar;C:\Users\sivay\.m2\repository\com\google\guava\guava\23.4-android\guava-23.4-android.jar;C:\Users\sivay\.m2\repository\com\google\code\findbugs\jsr305\1.3.9\jsr305-1.3.9.jar;C:\Users\sivay\.m2\repository\com\google\j2objc\j2objc-annotations\1.1\j2objc-annotations-1.1.jar;C:\Users\sivay\.m2\repository\org\codehaus\mojo\animal-sniffer-annotations\1.14\animal-sniffer-annotations-1.14.jar;C:\Users\sivay\.m2\repository\com\googlecode\java-diff-utils\diffutils\1.3.0\diffutils-1.3.0.jar;C:\Users\sivay\.m2\repository\com\google\errorprone\error_prone_annotations\2.1.3\error_prone_annotations-2.1.3.jar;C:\Users\sivay\.m2\repository\junit\junit\4.12\junit-4.12.jar;C:\Users\sivay\.m2\repository\org\hamcrest\hamcrest-core\1.3\hamcrest-core-1.3.jar;C:\Users\sivay\.m2\repository\org\mockito\mockito-core\2.18.3\mockito-core-2.18.3.jar;C:\Users\sivay\.m2\repository\net\bytebuddy\byte-buddy\1.8.5\byte-buddy-1.8.5.jar;C:\Users\sivay\.m2\repository\net\bytebuddy\byte-buddy-agent\1.8.5\byte-buddy-agent-1.8.5.jar;C:\Users\sivay\.m2\repository\org\objenesis\objenesis\2.6\objenesis-2.6.jar;"/>
    <property name="java.vm.vendor" value="Oracle Corporation"/>
    <property name="sun.arch.data.model" value="64"/>
    <property name="user.variant" value=""/>
    <property name="java.vendor.url" value="https://java.oracle.com/"/>
    <property name="user.timezone" value="Asia/Calcutta"/>
    <property name="os.name" value="Windows 11"/>
    <property name="java.vm.specification.version" value="21"/>
    <property name="sun.java.launcher" value="SUN_STANDARD"/>
    <property name="user.country" value="IN"/>
    <property name="sun.boot.library.path" value="C:\Program Files\Java\jdk-21\bin"/>
    <property name="sun.java.command" value="C:\Users\sivay\AppData\Local\Temp\surefire4504263943502951696\surefirebooter-20240703142333010_3.jar C:\Users\sivay\AppData\Local\Temp\surefire4504263943502951696 2024-07-03T14-23-32_755-jvmRun1 surefire-20240703142333010_1tmp surefire_0-20240703142333010_2tmp"/>
    <property name="jdk.debug" value="release"/>
    <property name="surefire.test.class.path" value="C:\Users\sivay\OneDrive\Desktop\developer\myntra\shoe\shoe\target\test-classes;C:\Users\sivay\OneDrive\Desktop\developer\myntra\shoe\shoe\target\shoe-v1\WEB-INF\classes;C:\Users\sivay\.m2\repository\com\google\appengine\appengine-api-1.0-sdk\1.9.63\appengine-api-1.0-sdk-1.9.63.jar;C:\Users\sivay\.m2\repository\javax\servlet\javax.servlet-api\3.1.0\javax.servlet-api-3.1.0.jar;C:\Users\sivay\.m2\repository\com\google\appengine\appengine-testing\1.9.63\appengine-testing-1.9.63.jar;C:\Users\sivay\.m2\repository\com\google\appengine\appengine-api-stubs\1.9.63\appengine-api-stubs-1.9.63.jar;C:\Users\sivay\.m2\repository\com\google\appengine\appengine-tools-sdk\1.9.63\appengine-tools-sdk-1.9.63.jar;C:\Users\sivay\.m2\repository\com\google\truth\truth\0.40\truth-0.40.jar;C:\Users\sivay\.m2\repository\com\google\guava\guava\23.4-android\guava-23.4-android.jar;C:\Users\sivay\.m2\repository\com\google\code\findbugs\jsr305\1.3.9\jsr305-1.3.9.jar;C:\Users\sivay\.m2\repository\com\google\j2objc\j2objc-annotations\1.1\j2objc-annotations-1.1.jar;C:\Users\sivay\.m2\repository\org\codehaus\mojo\animal-sniffer-annotations\1.14\animal-sniffer-annotations-1.14.jar;C:\Users\sivay\.m2\repository\com\googlecode\java-diff-utils\diffutils\1.3.0\diffutils-1.3.0.jar;C:\Users\sivay\.m2\repository\com\google\errorprone\error_prone_annotations\2.1.3\error_prone_annotations-2.1.3.jar;C:\Users\sivay\.m2\repository\junit\junit\4.12\junit-4.12.jar;C:\Users\sivay\.m2\repository\org\hamcrest\hamcrest-core\1.3\hamcrest-core-1.3.jar;C:\Users\sivay\.m2\repository\org\mockito\mockito-core\2.18.3\mockito-core-2.18.3.jar;C:\Users\sivay\.m2\repository\net\bytebuddy\byte-buddy\1.8.5\byte-buddy-1.8.5.jar;C:\Users\sivay\.m2\repository\net\bytebuddy\byte-buddy-agent\1.8.5\byte-buddy-agent-1.8.5.jar;C:\Users\sivay\.m2\repository\org\objenesis\objenesis\2.6\objenesis-2.6.jar;"/>
    <property name="sun.cpu.endian" value="little"/>
    <property name="user.home" value="C:\Users\sivay"/>
    <property name="user.language" value="en"/>
    <property name="java.specification.vendor" value="Oracle Corporation"/>
    <property name="java.version.date" value="2024-04-16"/>
    <property name="java.home" value="C:\Program Files\Java\jdk-21"/>
    <property name="file.separator" value="\"/>
    <property name="basedir" value="C:\Users\sivay\OneDrive\Desktop\developer\myntra\shoe\shoe"/>
    <property name="java.vm.compressedOopsMode" value="32-bit"/>
    <property name="line.separator" value="&#10;"/>
    <property name="java.vm.specification.vendor" value="Oracle Corporation"/>
    <property name="java.specification.name" value="Java Platform API Specification"/>
    <property name="surefire.real.class.path" value="C:\Users\sivay\AppData\Local\Temp\surefire4504263943502951696\surefirebooter-20240703142333010_3.jar"/>
    <property name="user.script" value=""/>
    <property name="sun.management.compiler" value="HotSpot 64-Bit Tiered Compilers"/>
    <property name="java.runtime.version" value="21.0.3+7-LTS-152"/>
    <property name="user.name" value="sivay"/>
    <property name="stdout.encoding" value="Cp1252"/>
    <property name="path.separator" value=";"/>
    <property name="os.version" value="10.0"/>
    <property name="java.runtime.name" value="Java(TM) SE Runtime Environment"/>
    <property name="file.encoding" value="UTF-8"/>
    <property name="java.vm.name" value="Java HotSpot(TM) 64-Bit Server VM"/>
    <property name="localRepository" value="C:\Users\sivay\.m2\repository"/>
    <property name="java.vendor.url.bug" value="https://bugreport.java.com/bugreport/"/>
    <property name="java.io.tmpdir" value="C:\Users\sivay\AppData\Local\Temp\"/>
    <property name="java.version" value="21.0.3"/>
    <property name="user.dir" value="C:\Users\sivay\OneDrive\Desktop\developer\myntra\shoe\shoe"/>
    <property name="os.arch" value="amd64"/>
    <property name="java.vm.specification.name" value="Java Virtual Machine Specification"/>
    <property name="sun.os.patch.level" value=""/>
    <property name="native.encoding" value="Cp1252"/>
    <property name="java.library.path" value="C:\Program Files\Java\jdk-21\bin;C:\Windows\Sun\Java\bin;C:\Windows\system32;C:\Windows;C:\Program Files\Common Files\Oracle\Java\javapath;C:\Windows\system32;C:\Windows;C:\Windows\System32\Wbem;C:\Windows\System32\WindowsPowerShell\v1.0\;C:\Windows\System32\OpenSSH\;C:\Users\sivay\Downloads\apache-maven-3.9.4-bin\apache-maven-3.9.4\bin;C:\Users\sivay\Downloads\apache-maven-3.9.4-bin\apache-maven-3.9.4\bin;C:\Users\sivay\Downloads\apache-maven-3.9.4-bin\apache-maven-3.9.4\bin;C:\Program Files\Java\jdk-17\bin;C:\Users\sivay\Downloads\apache-maven-3.9.4-bin.zip\apache-maven-3.9.4\bin;C:\Users\sivay\Downloads\apache-maven-3.9.4-bin.zip\apache-maven-3.9.4\bin;C:\Users\sivay\Downloads\apache-maven-3.9.4-bin\apache-maven-3.9.4\bin;C:\Users\sivay\Downloads\apache-maven-3.9.4-bin\apache-maven-3.9.4\bin;C:\Users\sivay\Downloads\apache-maven-3.9.4-bin \apache-maven-3.9.4\bin;C:\Program Files\Amazon\AWSCLIV2\;C:\Program Files\Git\cmd;C:\Program Files\Java\jdk-22\bin;C:\Users\sivay\Downloads\apache-maven-3.9.8-bin\apache-maven-3.9.8\bin;C:\Program Files\Java\jdk-17\bin;C:\Program Files\Java\jdk-17;C:\Program Files\Java\jdk-17\bin;C:\Program Files\Java\jdk-22\bin;C:\Users\sivay\Downloads\apache-maven-3.9.8-bin\apache-maven-3.9.8\bin;C:\Program Files\Java\jdk-17\bin;C:\Program Files\Java\jdk-17\bin;C:\Program Files\Java\jdk-17\bin;C:\Program Files\Java\jdk-21\bin;C:\Program Files\Java\jdk-22\bin;C:\Program Files\Java\jdk-21\bin;C:\Users\sivay\AppData\Local\Microsoft\WindowsApps;;C:\Users\sivay\AppData\Local\Programs\Microsoft VS Code\bin;."/>
    <property name="java.vm.info" value="mixed mode, sharing"/>
    <property name="stderr.encoding" value="Cp1252"/>
    <property name="java.vendor" value="Oracle Corporation"/>
    <property name="java.vm.version" value="21.0.3+7-LTS-152"/>
    <property name="sun.io.unicode.encoding" value="UnicodeLittle"/>
    <property name="java.class.version" value="65.0"/>
  </properties>
  <testcase name="helloInfoTest" classname="myntra10.HelloAppEngineTest" time="0.508"/>
  <testcase name="doGetWritesResponse" classname="myntra10.HelloAppEngineTest" time="0.0"/>
</testsuite>